<?xml version="1.0" encoding="utf-8"?><testsuites><testsuite name="pytest" errors="0" failures="0" skipped="0" tests="5" time="1.499" timestamp="2023-11-02T14:13:04.432714" hostname="luisfc-ThinkPad-L450"><testcase classname="test.tests" name="test_create_shipping_order" time="0.036" /><testcase classname="test.tests" name="test_dateError_shippingOrder" time="0.012" /><testcase classname="test.tests" name="test_dateError2_shippingOrder" time="0.011" /><testcase classname="test.tests" name="test_dateError3_shippingOrder" time="0.013" /><testcase classname="test.tests" name="test_caseCreattion2_shippingOrder" time="0.012" /></testsuite></testsuites>